{"C:\\Users\\ronny\\workspace\\testing_workshop\\src\\validateScore.js": {"path":"C:\\Users\\ronny\\workspace\\testing_workshop\\src\\validateScore.js","all":false,"statementMap":{"0":{"start":{"line":1,"column":0},"end":{"line":1,"column":3}},"1":{"start":{"line":2,"column":0},"end":{"line":2,"column":79}},"2":{"start":{"line":3,"column":0},"end":{"line":3,"column":2}},"3":{"start":{"line":4,"column":0},"end":{"line":4,"column":64}},"4":{"start":{"line":5,"column":0},"end":{"line":5,"column":52}},"5":{"start":{"line":6,"column":0},"end":{"line":6,"column":62}},"6":{"start":{"line":7,"column":0},"end":{"line":7,"column":26}},"7":{"start":{"line":8,"column":0},"end":{"line":8,"column":63}},"8":{"start":{"line":9,"column":0},"end":{"line":9,"column":43}},"9":{"start":{"line":10,"column":0},"end":{"line":10,"column":62}},"10":{"start":{"line":11,"column":0},"end":{"line":11,"column":31}},"11":{"start":{"line":12,"column":0},"end":{"line":12,"column":45}},"12":{"start":{"line":13,"column":0},"end":{"line":13,"column":3}},"13":{"start":{"line":14,"column":0},"end":{"line":14,"column":45}},"14":{"start":{"line":15,"column":0},"end":{"line":15,"column":28}},"15":{"start":{"line":16,"column":0},"end":{"line":16,"column":50}},"16":{"start":{"line":17,"column":0},"end":{"line":17,"column":49}},"17":{"start":{"line":18,"column":0},"end":{"line":18,"column":56}},"18":{"start":{"line":19,"column":0},"end":{"line":19,"column":0}},"19":{"start":{"line":20,"column":0},"end":{"line":20,"column":19}},"20":{"start":{"line":21,"column":0},"end":{"line":21,"column":18}},"21":{"start":{"line":22,"column":0},"end":{"line":22,"column":16}},"22":{"start":{"line":23,"column":0},"end":{"line":23,"column":17}},"23":{"start":{"line":24,"column":0},"end":{"line":24,"column":18}},"24":{"start":{"line":25,"column":0},"end":{"line":25,"column":14}},"25":{"start":{"line":26,"column":0},"end":{"line":26,"column":15}},"26":{"start":{"line":27,"column":0},"end":{"line":27,"column":4}},"27":{"start":{"line":28,"column":0},"end":{"line":28,"column":0}},"28":{"start":{"line":29,"column":0},"end":{"line":29,"column":21}},"29":{"start":{"line":30,"column":0},"end":{"line":30,"column":46}},"30":{"start":{"line":31,"column":0},"end":{"line":31,"column":25}},"31":{"start":{"line":32,"column":0},"end":{"line":32,"column":49}},"32":{"start":{"line":33,"column":0},"end":{"line":33,"column":18}},"33":{"start":{"line":34,"column":0},"end":{"line":34,"column":3}},"34":{"start":{"line":35,"column":0},"end":{"line":35,"column":0}},"35":{"start":{"line":36,"column":0},"end":{"line":36,"column":34}},"36":{"start":{"line":37,"column":0},"end":{"line":37,"column":25}},"37":{"start":{"line":38,"column":0},"end":{"line":38,"column":52}},"38":{"start":{"line":39,"column":0},"end":{"line":39,"column":18}},"39":{"start":{"line":40,"column":0},"end":{"line":40,"column":3}},"40":{"start":{"line":41,"column":0},"end":{"line":41,"column":0}},"41":{"start":{"line":42,"column":0},"end":{"line":42,"column":33}},"42":{"start":{"line":43,"column":0},"end":{"line":43,"column":25}},"43":{"start":{"line":44,"column":0},"end":{"line":44,"column":63}},"44":{"start":{"line":45,"column":0},"end":{"line":45,"column":18}},"45":{"start":{"line":46,"column":0},"end":{"line":46,"column":3}},"46":{"start":{"line":47,"column":0},"end":{"line":47,"column":0}},"47":{"start":{"line":48,"column":0},"end":{"line":48,"column":24}},"48":{"start":{"line":49,"column":0},"end":{"line":49,"column":19}},"49":{"start":{"line":50,"column":0},"end":{"line":50,"column":57}},"50":{"start":{"line":51,"column":0},"end":{"line":51,"column":27}},"51":{"start":{"line":52,"column":0},"end":{"line":52,"column":62}},"52":{"start":{"line":53,"column":0},"end":{"line":53,"column":20}},"53":{"start":{"line":54,"column":0},"end":{"line":54,"column":5}},"54":{"start":{"line":55,"column":0},"end":{"line":55,"column":0}},"55":{"start":{"line":56,"column":0},"end":{"line":56,"column":35}},"56":{"start":{"line":57,"column":0},"end":{"line":57,"column":27}},"57":{"start":{"line":58,"column":0},"end":{"line":58,"column":60}},"58":{"start":{"line":59,"column":0},"end":{"line":59,"column":20}},"59":{"start":{"line":60,"column":0},"end":{"line":60,"column":5}},"60":{"start":{"line":61,"column":0},"end":{"line":61,"column":3}},"61":{"start":{"line":62,"column":0},"end":{"line":62,"column":0}},"62":{"start":{"line":63,"column":0},"end":{"line":63,"column":54}},"63":{"start":{"line":64,"column":0},"end":{"line":64,"column":25}},"64":{"start":{"line":65,"column":0},"end":{"line":65,"column":35}},"65":{"start":{"line":66,"column":0},"end":{"line":66,"column":65}},"66":{"start":{"line":67,"column":0},"end":{"line":67,"column":57}},"67":{"start":{"line":68,"column":0},"end":{"line":68,"column":30}},"68":{"start":{"line":69,"column":0},"end":{"line":69,"column":3}},"69":{"start":{"line":70,"column":0},"end":{"line":70,"column":0}},"70":{"start":{"line":71,"column":0},"end":{"line":71,"column":20}},"71":{"start":{"line":72,"column":0},"end":{"line":72,"column":45}},"72":{"start":{"line":73,"column":0},"end":{"line":73,"column":0}},"73":{"start":{"line":74,"column":0},"end":{"line":74,"column":20}},"74":{"start":{"line":75,"column":0},"end":{"line":75,"column":25}},"75":{"start":{"line":76,"column":0},"end":{"line":76,"column":23}},"76":{"start":{"line":77,"column":0},"end":{"line":77,"column":32}},"77":{"start":{"line":78,"column":0},"end":{"line":78,"column":23}},"78":{"start":{"line":79,"column":0},"end":{"line":79,"column":32}},"79":{"start":{"line":80,"column":0},"end":{"line":80,"column":23}},"80":{"start":{"line":81,"column":0},"end":{"line":81,"column":32}},"81":{"start":{"line":82,"column":0},"end":{"line":82,"column":23}},"82":{"start":{"line":83,"column":0},"end":{"line":83,"column":10}},"83":{"start":{"line":84,"column":0},"end":{"line":84,"column":23}},"84":{"start":{"line":85,"column":0},"end":{"line":85,"column":3}},"85":{"start":{"line":86,"column":0},"end":{"line":86,"column":0}},"86":{"start":{"line":87,"column":0},"end":{"line":87,"column":16}},"87":{"start":{"line":88,"column":0},"end":{"line":88,"column":1}},"88":{"start":{"line":89,"column":0},"end":{"line":89,"column":0}}},"s":{"0":1,"1":1,"2":1,"3":1,"4":1,"5":1,"6":1,"7":1,"8":1,"9":1,"10":1,"11":1,"12":1,"13":11,"14":11,"15":11,"16":11,"17":11,"18":11,"19":11,"20":11,"21":11,"22":11,"23":11,"24":11,"25":11,"26":11,"27":11,"28":11,"29":11,"30":0,"31":0,"32":0,"33":0,"34":11,"35":11,"36":1,"37":1,"38":1,"39":1,"40":10,"41":11,"42":2,"43":2,"44":2,"45":2,"46":8,"47":8,"48":11,"49":1,"50":0,"51":0,"52":0,"53":0,"54":1,"55":1,"56":1,"57":1,"58":1,"59":1,"60":1,"61":7,"62":7,"63":7,"64":11,"65":1,"66":1,"67":1,"68":1,"69":7,"70":7,"71":7,"72":7,"73":7,"74":11,"75":1,"76":11,"77":1,"78":6,"79":2,"80":5,"81":2,"82":3,"83":1,"84":1,"85":7,"86":7,"87":7,"88":1},"branchMap":{"0":{"type":"branch","line":14,"loc":{"start":{"line":14,"column":0},"end":{"line":88,"column":1}},"locations":[{"start":{"line":14,"column":0},"end":{"line":88,"column":1}}]},"1":{"type":"branch","line":17,"loc":{"start":{"line":17,"column":40},"end":{"line":17,"column":48}},"locations":[{"start":{"line":17,"column":40},"end":{"line":17,"column":48}}]},"2":{"type":"branch","line":18,"loc":{"start":{"line":18,"column":50},"end":{"line":18,"column":55}},"locations":[{"start":{"line":18,"column":50},"end":{"line":18,"column":55}}]},"3":{"type":"branch","line":30,"loc":{"start":{"line":30,"column":45},"end":{"line":34,"column":3}},"locations":[{"start":{"line":30,"column":45},"end":{"line":34,"column":3}}]},"4":{"type":"branch","line":36,"loc":{"start":{"line":36,"column":33},"end":{"line":40,"column":3}},"locations":[{"start":{"line":36,"column":33},"end":{"line":40,"column":3}}]},"5":{"type":"branch","line":40,"loc":{"start":{"line":40,"column":2},"end":{"line":42,"column":16}},"locations":[{"start":{"line":40,"column":2},"end":{"line":42,"column":16}}]},"6":{"type":"branch","line":42,"loc":{"start":{"line":42,"column":16},"end":{"line":42,"column":30}},"locations":[{"start":{"line":42,"column":16},"end":{"line":42,"column":30}}]},"7":{"type":"branch","line":42,"loc":{"start":{"line":42,"column":32},"end":{"line":46,"column":3}},"locations":[{"start":{"line":42,"column":32},"end":{"line":46,"column":3}}]},"8":{"type":"branch","line":46,"loc":{"start":{"line":46,"column":2},"end":{"line":49,"column":18}},"locations":[{"start":{"line":46,"column":2},"end":{"line":49,"column":18}}]},"9":{"type":"branch","line":49,"loc":{"start":{"line":49,"column":18},"end":{"line":61,"column":3}},"locations":[{"start":{"line":49,"column":18},"end":{"line":61,"column":3}}]},"10":{"type":"branch","line":50,"loc":{"start":{"line":50,"column":56},"end":{"line":54,"column":5}},"locations":[{"start":{"line":50,"column":56},"end":{"line":54,"column":5}}]},"11":{"type":"branch","line":61,"loc":{"start":{"line":61,"column":2},"end":{"line":65,"column":34}},"locations":[{"start":{"line":61,"column":2},"end":{"line":65,"column":34}}]},"12":{"type":"branch","line":65,"loc":{"start":{"line":65,"column":34},"end":{"line":69,"column":3}},"locations":[{"start":{"line":65,"column":34},"end":{"line":69,"column":3}}]},"13":{"type":"branch","line":69,"loc":{"start":{"line":69,"column":2},"end":{"line":75,"column":24}},"locations":[{"start":{"line":69,"column":2},"end":{"line":75,"column":24}}]},"14":{"type":"branch","line":75,"loc":{"start":{"line":75,"column":24},"end":{"line":77,"column":3}},"locations":[{"start":{"line":75,"column":24},"end":{"line":77,"column":3}}]},"15":{"type":"branch","line":77,"loc":{"start":{"line":77,"column":3},"end":{"line":85,"column":3}},"locations":[{"start":{"line":77,"column":3},"end":{"line":85,"column":3}}]},"16":{"type":"branch","line":77,"loc":{"start":{"line":77,"column":31},"end":{"line":79,"column":3}},"locations":[{"start":{"line":77,"column":31},"end":{"line":79,"column":3}}]},"17":{"type":"branch","line":79,"loc":{"start":{"line":79,"column":3},"end":{"line":85,"column":3}},"locations":[{"start":{"line":79,"column":3},"end":{"line":85,"column":3}}]},"18":{"type":"branch","line":79,"loc":{"start":{"line":79,"column":31},"end":{"line":81,"column":3}},"locations":[{"start":{"line":79,"column":31},"end":{"line":81,"column":3}}]},"19":{"type":"branch","line":81,"loc":{"start":{"line":81,"column":3},"end":{"line":85,"column":3}},"locations":[{"start":{"line":81,"column":3},"end":{"line":85,"column":3}}]},"20":{"type":"branch","line":81,"loc":{"start":{"line":81,"column":31},"end":{"line":83,"column":3}},"locations":[{"start":{"line":81,"column":31},"end":{"line":83,"column":3}}]},"21":{"type":"branch","line":83,"loc":{"start":{"line":83,"column":3},"end":{"line":85,"column":3}},"locations":[{"start":{"line":83,"column":3},"end":{"line":85,"column":3}}]},"22":{"type":"branch","line":85,"loc":{"start":{"line":85,"column":2},"end":{"line":88,"column":1}},"locations":[{"start":{"line":85,"column":2},"end":{"line":88,"column":1}}]}},"b":{"0":[11],"1":[10],"2":[10],"3":[0],"4":[1],"5":[10],"6":[9],"7":[2],"8":[8],"9":[1],"10":[0],"11":[7],"12":[1],"13":[7],"14":[1],"15":[6],"16":[1],"17":[5],"18":[2],"19":[3],"20":[2],"21":[1],"22":[7]},"fnMap":{"0":{"name":"validateScore","decl":{"start":{"line":14,"column":0},"end":{"line":88,"column":1}},"loc":{"start":{"line":14,"column":0},"end":{"line":88,"column":1}},"line":14}},"f":{"0":11}}
}
